system   D            wsystem.c:583  maybe_parent_dir                 [   0.00064] Also searching C:\Users\f.gavioli\Desktop\ProgettoQuinta\ModuloMovimento\
system   D            wsystem.c:633  _al_win_safe_load_library        [   0.00090] PathFindOnPath found: C:\WINDOWS\system32\d3d9.dll
system   D            wsystem.c:544  load_library_at_path             [   0.00092] Calling LoadLibrary C:\WINDOWS\system32\d3d9.dll
system   I            wsystem.c:547  load_library_at_path             [   0.00387] Loaded C:\WINDOWS\system32\d3d9.dll
d3d      I         d3d_disp.cpp:696  _al_d3d_init_display             [   0.01952] Render-to-texture: 1
system   I             system.c:252  al_install_system                [   0.01958] Allegro version: 5.0.10
d3d      I         d3d_disp.cpp:1737 d3d_create_display_locked        [   0.02078] faux_fullscreen=0
d3d      D         d3d_disp.cpp:1738 d3d_create_display_locked        [   0.02081] al_display=0049D060
d3d      D         d3d_disp.cpp:1739 d3d_create_display_locked        [   0.02083] al_display->vt=0049CF98
d3d      I d3d_display_formats.cpp:144  _al_d3d_generate_display_format_list [   0.03037] found 96 format combinations
display  D   display_settings.c:191  debug_display_settings           [   0.03041] color: 32 (rgba 8880), depth: 0, stencil: 0, acc: 0000, samples: 0/0
display  D   display_settings.c:506  _al_score_display_settings       [   0.03043] Score is : 897
display  D   display_settings.c:191  debug_display_settings           [   0.03045] color: 32 (rgba 8880), depth: 0, stencil: 0, acc: 0000, samples: 0/0
display  D   display_settings.c:506  _al_score_display_settings       [   0.03047] Score is : 897
display  D   display_settings.c:191  debug_display_settings           [   0.03048] color: 32 (rgba 8880), depth: 0, stencil: 0, acc: 0000, samples: 2/1
display  D   display_settings.c:506  _al_score_display_settings       [   0.03050] Score is : 726
display  D   display_settings.c:191  debug_display_settings           [   0.03051] color: 32 (rgba 8880), depth: 24, stencil: 8, acc: 0000, samples: 0/0
display  D   display_settings.c:506  _al_score_display_settings       [   0.03053] Score is : 897
display  D   display_settings.c:191  debug_display_settings           [   0.03054] color: 32 (rgba 8880), depth: 24, stencil: 8, acc: 0000, samples: 0/0
display  D   display_settings.c:506  _al_score_display_settings       [   0.03056] Score is : 897
display  D   display_settings.c:191  debug_display_settings           [   0.03058] color: 32 (rgba 8880), depth: 24, stencil: 8, acc: 0000, samples: 2/1
display  D   display_settings.c:506  _al_score_display_settings       [   0.03059] Score is : 726
display  D   display_settings.c:191  debug_display_settings           [   0.03061] color: 32 (rgba 8880), depth: 24, stencil: 0, acc: 0000, samples: 0/0
display  D   display_settings.c:506  _al_score_display_settings       [   0.03063] Score is : 897
display  D   display_settings.c:191  debug_display_settings           [   0.03064] color: 32 (rgba 8880), depth: 24, stencil: 0, acc: 0000, samples: 0/0
display  D   display_settings.c:506  _al_score_display_settings       [   0.03066] Score is : 897
display  D   display_settings.c:191  debug_display_settings           [   0.03068] color: 32 (rgba 8880), depth: 24, stencil: 0, acc: 0000, samples: 2/1
display  D   display_settings.c:506  _al_score_display_settings       [   0.03069] Score is : 726
display  D   display_settings.c:191  debug_display_settings           [   0.03071] color: 32 (rgba 8880), depth: 16, stencil: 0, acc: 0000, samples: 0/0
display  D   display_settings.c:506  _al_score_display_settings       [   0.03073] Score is : 897
display  D   display_settings.c:191  debug_display_settings           [   0.03074] color: 32 (rgba 8880), depth: 16, stencil: 0, acc: 0000, samples: 0/0
display  D   display_settings.c:506  _al_score_display_settings       [   0.03076] Score is : 897
display  D   display_settings.c:191  debug_display_settings           [   0.03077] color: 32 (rgba 8880), depth: 16, stencil: 0, acc: 0000, samples: 2/1
display  D   display_settings.c:506  _al_score_display_settings       [   0.03086] Score is : 726
display  D   display_settings.c:191  debug_display_settings           [   0.03088] color: 16 (rgba 5650), depth: 0, stencil: 0, acc: 0000, samples: 0/0
display  D   display_settings.c:506  _al_score_display_settings       [   0.03090] Score is : 897
display  D   display_settings.c:191  debug_display_settings           [   0.03092] color: 16 (rgba 5650), depth: 0, stencil: 0, acc: 0000, samples: 0/0
display  D   display_settings.c:506  _al_score_display_settings       [   0.03093] Score is : 897
display  D   display_settings.c:191  debug_display_settings           [   0.03095] color: 16 (rgba 5650), depth: 0, stencil: 0, acc: 0000, samples: 2/1
display  D   display_settings.c:506  _al_score_display_settings       [   0.03096] Score is : 726
display  D   display_settings.c:191  debug_display_settings           [   0.03098] color: 16 (rgba 5650), depth: 24, stencil: 8, acc: 0000, samples: 0/0
display  D   display_settings.c:506  _al_score_display_settings       [   0.03100] Score is : 897
display  D   display_settings.c:191  debug_display_settings           [   0.03101] color: 16 (rgba 5650), depth: 24, stencil: 8, acc: 0000, samples: 0/0
display  D   display_settings.c:506  _al_score_display_settings       [   0.03103] Score is : 897
display  D   display_settings.c:191  debug_display_settings           [   0.03104] color: 16 (rgba 5650), depth: 24, stencil: 8, acc: 0000, samples: 2/1
display  D   display_settings.c:506  _al_score_display_settings       [   0.03106] Score is : 726
display  D   display_settings.c:191  debug_display_settings           [   0.03108] color: 16 (rgba 5650), depth: 24, stencil: 0, acc: 0000, samples: 0/0
display  D   display_settings.c:506  _al_score_display_settings       [   0.03110] Score is : 897
display  D   display_settings.c:191  debug_display_settings           [   0.03111] color: 16 (rgba 5650), depth: 24, stencil: 0, acc: 0000, samples: 0/0
display  D   display_settings.c:506  _al_score_display_settings       [   0.03113] Score is : 897
display  D   display_settings.c:191  debug_display_settings           [   0.03114] color: 16 (rgba 5650), depth: 24, stencil: 0, acc: 0000, samples: 2/1
display  D   display_settings.c:506  _al_score_display_settings       [   0.03116] Score is : 726
display  D   display_settings.c:191  debug_display_settings           [   0.03118] color: 16 (rgba 5650), depth: 16, stencil: 0, acc: 0000, samples: 0/0
display  D   display_settings.c:506  _al_score_display_settings       [   0.03120] Score is : 897
display  D   display_settings.c:191  debug_display_settings           [   0.03121] color: 16 (rgba 5650), depth: 16, stencil: 0, acc: 0000, samples: 0/0
display  D   display_settings.c:506  _al_score_display_settings       [   0.03123] Score is : 897
display  D   display_settings.c:191  debug_display_settings           [   0.03125] color: 16 (rgba 5650), depth: 16, stencil: 0, acc: 0000, samples: 2/1
display  D   display_settings.c:506  _al_score_display_settings       [   0.03127] Score is : 726
display  D   display_settings.c:191  debug_display_settings           [   0.03128] color: 32 (rgba 8880), depth: 0, stencil: 0, acc: 0000, samples: 0/0
display  D   display_settings.c:377  _al_score_display_settings       [   0.03130] Single Buffer requirement not met.
display  D   display_settings.c:191  debug_display_settings           [   0.03131] color: 32 (rgba 8880), depth: 0, stencil: 0, acc: 0000, samples: 0/0
display  D   display_settings.c:377  _al_score_display_settings       [   0.03133] Single Buffer requirement not met.
display  D   display_settings.c:191  debug_display_settings           [   0.03135] color: 32 (rgba 8880), depth: 0, stencil: 0, acc: 0000, samples: 2/1
display  D   display_settings.c:377  _al_score_display_settings       [   0.03137] Single Buffer requirement not met.
display  D   display_settings.c:191  debug_display_settings           [   0.03138] color: 32 (rgba 8880), depth: 24, stencil: 8, acc: 0000, samples: 0/0
display  D   display_settings.c:377  _al_score_display_settings       [   0.03140] Single Buffer requirement not met.
display  D   display_settings.c:191  debug_display_settings           [   0.03142] color: 32 (rgba 8880), depth: 24, stencil: 8, acc: 0000, samples: 0/0
display  D   display_settings.c:377  _al_score_display_settings       [   0.03144] Single Buffer requirement not met.
display  D   display_settings.c:191  debug_display_settings           [   0.03146] color: 32 (rgba 8880), depth: 24, stencil: 8, acc: 0000, samples: 2/1
display  D   display_settings.c:377  _al_score_display_settings       [   0.03147] Single Buffer requirement not met.
display  D   display_settings.c:191  debug_display_settings           [   0.03149] color: 32 (rgba 8880), depth: 24, stencil: 0, acc: 0000, samples: 0/0
display  D   display_settings.c:377  _al_score_display_settings       [   0.03151] Single Buffer requirement not met.
display  D   display_settings.c:191  debug_display_settings           [   0.03153] color: 32 (rgba 8880), depth: 24, stencil: 0, acc: 0000, samples: 0/0
display  D   display_settings.c:377  _al_score_display_settings       [   0.03154] Single Buffer requirement not met.
display  D   display_settings.c:191  debug_display_settings           [   0.03156] color: 32 (rgba 8880), depth: 24, stencil: 0, acc: 0000, samples: 2/1
display  D   display_settings.c:377  _al_score_display_settings       [   0.03158] Single Buffer requirement not met.
display  D   display_settings.c:191  debug_display_settings           [   0.03159] color: 32 (rgba 8880), depth: 16, stencil: 0, acc: 0000, samples: 0/0
display  D   display_settings.c:377  _al_score_display_settings       [   0.03161] Single Buffer requirement not met.
display  D   display_settings.c:191  debug_display_settings           [   0.03163] color: 32 (rgba 8880), depth: 16, stencil: 0, acc: 0000, samples: 0/0
display  D   display_settings.c:377  _al_score_display_settings       [   0.03165] Single Buffer requirement not met.
display  D   display_settings.c:191  debug_display_settings           [   0.03166] color: 32 (rgba 8880), depth: 16, stencil: 0, acc: 0000, samples: 2/1
display  D   display_settings.c:377  _al_score_display_settings       [   0.03168] Single Buffer requirement not met.
display  D   display_settings.c:191  debug_display_settings           [   0.03169] color: 16 (rgba 5650), depth: 0, stencil: 0, acc: 0000, samples: 0/0
display  D   display_settings.c:377  _al_score_display_settings       [   0.03171] Single Buffer requirement not met.
display  D   display_settings.c:191  debug_display_settings           [   0.03172] color: 16 (rgba 5650), depth: 0, stencil: 0, acc: 0000, samples: 0/0
display  D   display_settings.c:377  _al_score_display_settings       [   0.03174] Single Buffer requirement not met.
display  D   display_settings.c:191  debug_display_settings           [   0.03176] color: 16 (rgba 5650), depth: 0, stencil: 0, acc: 0000, samples: 2/1
display  D   display_settings.c:377  _al_score_display_settings       [   0.03178] Single Buffer requirement not met.
display  D   display_settings.c:191  debug_display_settings           [   0.03179] color: 16 (rgba 5650), depth: 24, stencil: 8, acc: 0000, samples: 0/0
display  D   display_settings.c:377  _al_score_display_settings       [   0.03181] Single Buffer requirement not met.
display  D   display_settings.c:191  debug_display_settings           [   0.03183] color: 16 (rgba 5650), depth: 24, stencil: 8, acc: 0000, samples: 0/0
display  D   display_settings.c:377  _al_score_display_settings       [   0.03185] Single Buffer requirement not met.
display  D   display_settings.c:191  debug_display_settings           [   0.03186] color: 16 (rgba 5650), depth: 24, stencil: 8, acc: 0000, samples: 2/1
display  D   display_settings.c:377  _al_score_display_settings       [   0.03188] Single Buffer requirement not met.
display  D   display_settings.c:191  debug_display_settings           [   0.03190] color: 16 (rgba 5650), depth: 24, stencil: 0, acc: 0000, samples: 0/0
display  D   display_settings.c:377  _al_score_display_settings       [   0.03192] Single Buffer requirement not met.
display  D   display_settings.c:191  debug_display_settings           [   0.03194] color: 16 (rgba 5650), depth: 24, stencil: 0, acc: 0000, samples: 0/0
display  D   display_settings.c:377  _al_score_display_settings       [   0.03196] Single Buffer requirement not met.
display  D   display_settings.c:191  debug_display_settings           [   0.03198] color: 16 (rgba 5650), depth: 24, stencil: 0, acc: 0000, samples: 2/1
display  D   display_settings.c:377  _al_score_display_settings       [   0.03200] Single Buffer requirement not met.
display  D   display_settings.c:191  debug_display_settings           [   0.03201] color: 16 (rgba 5650), depth: 16, stencil: 0, acc: 0000, samples: 0/0
display  D   display_settings.c:377  _al_score_display_settings       [   0.03203] Single Buffer requirement not met.
display  D   display_settings.c:191  debug_display_settings           [   0.03205] color: 16 (rgba 5650), depth: 16, stencil: 0, acc: 0000, samples: 0/0
display  D   display_settings.c:377  _al_score_display_settings       [   0.03207] Single Buffer requirement not met.
display  D   display_settings.c:191  debug_display_settings           [   0.03208] color: 16 (rgba 5650), depth: 16, stencil: 0, acc: 0000, samples: 2/1
display  D   display_settings.c:377  _al_score_display_settings       [   0.03210] Single Buffer requirement not met.
display  D   display_settings.c:191  debug_display_settings           [   0.03212] color: 32 (rgba 8880), depth: 0, stencil: 0, acc: 0000, samples: 0/0
display  D   display_settings.c:506  _al_score_display_settings       [   0.03214] Score is : 769
display  D   display_settings.c:191  debug_display_settings           [   0.03215] color: 32 (rgba 8880), depth: 0, stencil: 0, acc: 0000, samples: 0/0
display  D   display_settings.c:506  _al_score_display_settings       [   0.03217] Score is : 769
display  D   display_settings.c:191  debug_display_settings           [   0.03219] color: 32 (rgba 8880), depth: 0, stencil: 0, acc: 0000, samples: 2/1
display  D   display_settings.c:506  _al_score_display_settings       [   0.03220] Score is : 598
display  D   display_settings.c:191  debug_display_settings           [   0.03222] color: 32 (rgba 8880), depth: 24, stencil: 8, acc: 0000, samples: 0/0
display  D   display_settings.c:506  _al_score_display_settings       [   0.03224] Score is : 769
display  D   display_settings.c:191  debug_display_settings           [   0.03225] color: 32 (rgba 8880), depth: 24, stencil: 8, acc: 0000, samples: 0/0
display  D   display_settings.c:506  _al_score_display_settings       [   0.03227] Score is : 769
display  D   display_settings.c:191  debug_display_settings           [   0.03229] color: 32 (rgba 8880), depth: 24, stencil: 8, acc: 0000, samples: 2/1
display  D   display_settings.c:506  _al_score_display_settings       [   0.03231] Score is : 598
display  D   display_settings.c:191  debug_display_settings           [   0.03232] color: 32 (rgba 8880), depth: 24, stencil: 0, acc: 0000, samples: 0/0
display  D   display_settings.c:506  _al_score_display_settings       [   0.03234] Score is : 769
display  D   display_settings.c:191  debug_display_settings           [   0.03236] color: 32 (rgba 8880), depth: 24, stencil: 0, acc: 0000, samples: 0/0
display  D   display_settings.c:506  _al_score_display_settings       [   0.03238] Score is : 769
display  D   display_settings.c:191  debug_display_settings           [   0.03239] color: 32 (rgba 8880), depth: 24, stencil: 0, acc: 0000, samples: 2/1
display  D   display_settings.c:506  _al_score_display_settings       [   0.03241] Score is : 598
display  D   display_settings.c:191  debug_display_settings           [   0.03243] color: 32 (rgba 8880), depth: 16, stencil: 0, acc: 0000, samples: 0/0
display  D   display_settings.c:506  _al_score_display_settings       [   0.03245] Score is : 769
display  D   display_settings.c:191  debug_display_settings           [   0.03246] color: 32 (rgba 8880), depth: 16, stencil: 0, acc: 0000, samples: 0/0
display  D   display_settings.c:506  _al_score_display_settings       [   0.03252] Score is : 769
display  D   display_settings.c:191  debug_display_settings           [   0.03253] color: 32 (rgba 8880), depth: 16, stencil: 0, acc: 0000, samples: 2/1
display  D   display_settings.c:506  _al_score_display_settings       [   0.03255] Score is : 598
display  D   display_settings.c:191  debug_display_settings           [   0.03257] color: 16 (rgba 5650), depth: 0, stencil: 0, acc: 0000, samples: 0/0
display  D   display_settings.c:506  _al_score_display_settings       [   0.03258] Score is : 769
display  D   display_settings.c:191  debug_display_settings           [   0.03260] color: 16 (rgba 5650), depth: 0, stencil: 0, acc: 0000, samples: 0/0
display  D   display_settings.c:506  _al_score_display_settings       [   0.03262] Score is : 769
display  D   display_settings.c:191  debug_display_settings           [   0.03263] color: 16 (rgba 5650), depth: 0, stencil: 0, acc: 0000, samples: 2/1
display  D   display_settings.c:506  _al_score_display_settings       [   0.03265] Score is : 598
display  D   display_settings.c:191  debug_display_settings           [   0.03267] color: 16 (rgba 5650), depth: 24, stencil: 8, acc: 0000, samples: 0/0
display  D   display_settings.c:506  _al_score_display_settings       [   0.03269] Score is : 769
display  D   display_settings.c:191  debug_display_settings           [   0.03270] color: 16 (rgba 5650), depth: 24, stencil: 8, acc: 0000, samples: 0/0
display  D   display_settings.c:506  _al_score_display_settings       [   0.03272] Score is : 769
display  D   display_settings.c:191  debug_display_settings           [   0.03273] color: 16 (rgba 5650), depth: 24, stencil: 8, acc: 0000, samples: 2/1
display  D   display_settings.c:506  _al_score_display_settings       [   0.03275] Score is : 598
display  D   display_settings.c:191  debug_display_settings           [   0.03276] color: 16 (rgba 5650), depth: 24, stencil: 0, acc: 0000, samples: 0/0
display  D   display_settings.c:506  _al_score_display_settings       [   0.03278] Score is : 769
display  D   display_settings.c:191  debug_display_settings           [   0.03280] color: 16 (rgba 5650), depth: 24, stencil: 0, acc: 0000, samples: 0/0
display  D   display_settings.c:506  _al_score_display_settings       [   0.03281] Score is : 769
display  D   display_settings.c:191  debug_display_settings           [   0.03283] color: 16 (rgba 5650), depth: 24, stencil: 0, acc: 0000, samples: 2/1
display  D   display_settings.c:506  _al_score_display_settings       [   0.03285] Score is : 598
display  D   display_settings.c:191  debug_display_settings           [   0.03286] color: 16 (rgba 5650), depth: 16, stencil: 0, acc: 0000, samples: 0/0
display  D   display_settings.c:506  _al_score_display_settings       [   0.03288] Score is : 769
display  D   display_settings.c:191  debug_display_settings           [   0.03290] color: 16 (rgba 5650), depth: 16, stencil: 0, acc: 0000, samples: 0/0
display  D   display_settings.c:506  _al_score_display_settings       [   0.03292] Score is : 769
display  D   display_settings.c:191  debug_display_settings           [   0.03293] color: 16 (rgba 5650), depth: 16, stencil: 0, acc: 0000, samples: 2/1
display  D   display_settings.c:506  _al_score_display_settings       [   0.03295] Score is : 598
display  D   display_settings.c:191  debug_display_settings           [   0.03296] color: 32 (rgba 8880), depth: 0, stencil: 0, acc: 0000, samples: 0/0
display  D   display_settings.c:377  _al_score_display_settings       [   0.03298] Single Buffer requirement not met.
display  D   display_settings.c:191  debug_display_settings           [   0.03300] color: 32 (rgba 8880), depth: 0, stencil: 0, acc: 0000, samples: 0/0
display  D   display_settings.c:377  _al_score_display_settings       [   0.03302] Single Buffer requirement not met.
display  D   display_settings.c:191  debug_display_settings           [   0.03303] color: 32 (rgba 8880), depth: 0, stencil: 0, acc: 0000, samples: 2/1
display  D   display_settings.c:377  _al_score_display_settings       [   0.03305] Single Buffer requirement not met.
display  D   display_settings.c:191  debug_display_settings           [   0.03307] color: 32 (rgba 8880), depth: 24, stencil: 8, acc: 0000, samples: 0/0
display  D   display_settings.c:377  _al_score_display_settings       [   0.03309] Single Buffer requirement not met.
display  D   display_settings.c:191  debug_display_settings           [   0.03310] color: 32 (rgba 8880), depth: 24, stencil: 8, acc: 0000, samples: 0/0
display  D   display_settings.c:377  _al_score_display_settings       [   0.03312] Single Buffer requirement not met.
display  D   display_settings.c:191  debug_display_settings           [   0.03313] color: 32 (rgba 8880), depth: 24, stencil: 8, acc: 0000, samples: 2/1
display  D   display_settings.c:377  _al_score_display_settings       [   0.03315] Single Buffer requirement not met.
display  D   display_settings.c:191  debug_display_settings           [   0.03317] color: 32 (rgba 8880), depth: 24, stencil: 0, acc: 0000, samples: 0/0
display  D   display_settings.c:377  _al_score_display_settings       [   0.03318] Single Buffer requirement not met.
display  D   display_settings.c:191  debug_display_settings           [   0.03320] color: 32 (rgba 8880), depth: 24, stencil: 0, acc: 0000, samples: 0/0
display  D   display_settings.c:377  _al_score_display_settings       [   0.03322] Single Buffer requirement not met.
display  D   display_settings.c:191  debug_display_settings           [   0.03323] color: 32 (rgba 8880), depth: 24, stencil: 0, acc: 0000, samples: 2/1
display  D   display_settings.c:377  _al_score_display_settings       [   0.03325] Single Buffer requirement not met.
display  D   display_settings.c:191  debug_display_settings           [   0.03327] color: 32 (rgba 8880), depth: 16, stencil: 0, acc: 0000, samples: 0/0
display  D   display_settings.c:377  _al_score_display_settings       [   0.03329] Single Buffer requirement not met.
display  D   display_settings.c:191  debug_display_settings           [   0.03330] color: 32 (rgba 8880), depth: 16, stencil: 0, acc: 0000, samples: 0/0
display  D   display_settings.c:377  _al_score_display_settings       [   0.03332] Single Buffer requirement not met.
display  D   display_settings.c:191  debug_display_settings           [   0.03333] color: 32 (rgba 8880), depth: 16, stencil: 0, acc: 0000, samples: 2/1
display  D   display_settings.c:377  _al_score_display_settings       [   0.03335] Single Buffer requirement not met.
display  D   display_settings.c:191  debug_display_settings           [   0.03337] color: 16 (rgba 5650), depth: 0, stencil: 0, acc: 0000, samples: 0/0
display  D   display_settings.c:377  _al_score_display_settings       [   0.03339] Single Buffer requirement not met.
display  D   display_settings.c:191  debug_display_settings           [   0.03340] color: 16 (rgba 5650), depth: 0, stencil: 0, acc: 0000, samples: 0/0
display  D   display_settings.c:377  _al_score_display_settings       [   0.03342] Single Buffer requirement not met.
display  D   display_settings.c:191  debug_display_settings           [   0.03344] color: 16 (rgba 5650), depth: 0, stencil: 0, acc: 0000, samples: 2/1
display  D   display_settings.c:377  _al_score_display_settings       [   0.03346] Single Buffer requirement not met.
display  D   display_settings.c:191  debug_display_settings           [   0.03347] color: 16 (rgba 5650), depth: 24, stencil: 8, acc: 0000, samples: 0/0
display  D   display_settings.c:377  _al_score_display_settings       [   0.03349] Single Buffer requirement not met.
display  D   display_settings.c:191  debug_display_settings           [   0.03351] color: 16 (rgba 5650), depth: 24, stencil: 8, acc: 0000, samples: 0/0
display  D   display_settings.c:377  _al_score_display_settings       [   0.03353] Single Buffer requirement not met.
display  D   display_settings.c:191  debug_display_settings           [   0.03354] color: 16 (rgba 5650), depth: 24, stencil: 8, acc: 0000, samples: 2/1
display  D   display_settings.c:377  _al_score_display_settings       [   0.03356] Single Buffer requirement not met.
display  D   display_settings.c:191  debug_display_settings           [   0.03358] color: 16 (rgba 5650), depth: 24, stencil: 0, acc: 0000, samples: 0/0
display  D   display_settings.c:377  _al_score_display_settings       [   0.03360] Single Buffer requirement not met.
display  D   display_settings.c:191  debug_display_settings           [   0.03362] color: 16 (rgba 5650), depth: 24, stencil: 0, acc: 0000, samples: 0/0
display  D   display_settings.c:377  _al_score_display_settings       [   0.03364] Single Buffer requirement not met.
display  D   display_settings.c:191  debug_display_settings           [   0.03365] color: 16 (rgba 5650), depth: 24, stencil: 0, acc: 0000, samples: 2/1
display  D   display_settings.c:377  _al_score_display_settings       [   0.03367] Single Buffer requirement not met.
display  D   display_settings.c:191  debug_display_settings           [   0.03368] color: 16 (rgba 5650), depth: 16, stencil: 0, acc: 0000, samples: 0/0
display  D   display_settings.c:377  _al_score_display_settings       [   0.03370] Single Buffer requirement not met.
display  D   display_settings.c:191  debug_display_settings           [   0.03372] color: 16 (rgba 5650), depth: 16, stencil: 0, acc: 0000, samples: 0/0
display  D   display_settings.c:377  _al_score_display_settings       [   0.03374] Single Buffer requirement not met.
display  D   display_settings.c:191  debug_display_settings           [   0.03375] color: 16 (rgba 5650), depth: 16, stencil: 0, acc: 0000, samples: 2/1
display  D   display_settings.c:377  _al_score_display_settings       [   0.03377] Single Buffer requirement not met.
d3d      D         d3d_disp.cpp:1645 d3d_create_display_internals     [   0.03381] Trying format 0.
d3d      I         d3d_disp.cpp:1326 d3d_display_thread_proc          [   0.03425] Chose a display format: 23
d3d      I         d3d_disp.cpp:1395 d3d_display_thread_proc          [   0.03428] Normal window.
d3d      I         d3d_disp.cpp:801  d3d_create_device                [   0.04127] Using no depth stencil buffer
d3d      D         d3d_disp.cpp:866  d3d_create_device                [   0.06648] BeginScene succeeded in create_device
d3d      D         d3d_disp.cpp:874  d3d_create_device                [   0.06653] Success
d3d      D         d3d_disp.cpp:1668 d3d_create_display_internals     [   0.06655] Resumed after wait.
d3d      I         d3d_disp.cpp:1701 d3d_create_display_internals     [   0.06659] Format 0 succeeded.
d3d      D         d3d_disp.cpp:1724 d3d_create_display_internals     [   0.06661] Returning d3d_display: 0049D060
d3d      D         d3d_disp.cpp:1749 d3d_create_display_locked        [   0.06662] al_display=0049D060
d3d      D         d3d_disp.cpp:1750 d3d_create_display_locked        [   0.06663] al_display->vt=0049CF98
dtor     D               dtor.c:184  _al_register_destructor          [   0.06796] added dtor for object 004FABA0, func 57CE27A7
d3d      D         d3d_disp.cpp:1166 real_choose_bitmap_format        [   0.07097] Fake format
d3d      D         d3d_disp.cpp:1166 real_choose_bitmap_format        [   0.07101] Fake format
d3d      D         d3d_disp.cpp:1166 real_choose_bitmap_format        [   0.07103] Fake format
d3d      D         d3d_disp.cpp:1166 real_choose_bitmap_format        [   0.07104] Fake format
d3d      D         d3d_disp.cpp:1166 real_choose_bitmap_format        [   0.07105] Fake format
d3d      D         d3d_disp.cpp:1166 real_choose_bitmap_format        [   0.07107] Fake format
d3d      D         d3d_disp.cpp:1166 real_choose_bitmap_format        [   0.07108] Fake format
d3d      D         d3d_disp.cpp:1166 real_choose_bitmap_format        [   0.07109] Fake format
d3d      D         d3d_disp.cpp:1166 real_choose_bitmap_format        [   0.07111] Fake format
d3d      D         d3d_disp.cpp:1174 real_choose_bitmap_format        [   0.07112] Alpha doesn't match
d3d      D         d3d_disp.cpp:1181 real_choose_bitmap_format        [   0.07114] Adapter format is 23
d3d      D         d3d_disp.cpp:1184 real_choose_bitmap_format        [   0.07116] Found a format
d3d      I         d3d_disp.cpp:2283 _al_d3d_create_bitmap            [   0.07117] Chose bitmap format 9
dtor     D               dtor.c:184  _al_register_destructor          [   0.07152] added dtor for object 004FCEA8, func 57CE2595
d3d      D          d3d_bmp.cpp:467  _al_d3d_sync_bitmap              [   0.07685] _al_d3d_sync_bitmap (system) ref count == 1
d3d      D          d3d_bmp.cpp:473  _al_d3d_sync_bitmap              [   0.07690] _al_d3d_sync_bitmap (video) ref count == 1
d3d      D         d3d_disp.cpp:1166 real_choose_bitmap_format        [   0.08030] Fake format
d3d      D         d3d_disp.cpp:1166 real_choose_bitmap_format        [   0.08033] Fake format
d3d      D         d3d_disp.cpp:1166 real_choose_bitmap_format        [   0.08035] Fake format
d3d      D         d3d_disp.cpp:1166 real_choose_bitmap_format        [   0.08036] Fake format
d3d      D         d3d_disp.cpp:1166 real_choose_bitmap_format        [   0.08038] Fake format
d3d      D         d3d_disp.cpp:1166 real_choose_bitmap_format        [   0.08039] Fake format
d3d      D         d3d_disp.cpp:1166 real_choose_bitmap_format        [   0.08040] Fake format
d3d      D         d3d_disp.cpp:1166 real_choose_bitmap_format        [   0.08042] Fake format
d3d      D         d3d_disp.cpp:1166 real_choose_bitmap_format        [   0.08043] Fake format
d3d      D         d3d_disp.cpp:1174 real_choose_bitmap_format        [   0.08045] Alpha doesn't match
d3d      D         d3d_disp.cpp:1181 real_choose_bitmap_format        [   0.08046] Adapter format is 23
d3d      D         d3d_disp.cpp:1184 real_choose_bitmap_format        [   0.08047] Found a format
d3d      I         d3d_disp.cpp:2283 _al_d3d_create_bitmap            [   0.08049] Chose bitmap format 9
dtor     D               dtor.c:184  _al_register_destructor          [   0.08086] added dtor for object 00530840, func 57CE2595
d3d      D          d3d_bmp.cpp:467  _al_d3d_sync_bitmap              [   0.08152] _al_d3d_sync_bitmap (system) ref count == 1
d3d      D          d3d_bmp.cpp:473  _al_d3d_sync_bitmap              [   0.08156] _al_d3d_sync_bitmap (video) ref count == 1
d3d      D          d3d_bmp.cpp:467  _al_d3d_sync_bitmap              [   0.09257] _al_d3d_sync_bitmap (system) ref count == 1
d3d      D          d3d_bmp.cpp:473  _al_d3d_sync_bitmap              [   0.09262] _al_d3d_sync_bitmap (video) ref count == 1
d3d      D          d3d_bmp.cpp:467  _al_d3d_sync_bitmap              [   0.09533] _al_d3d_sync_bitmap (system) ref count == 1
d3d      D          d3d_bmp.cpp:473  _al_d3d_sync_bitmap              [   0.09536] _al_d3d_sync_bitmap (video) ref count == 1
